[23:06:40] [Client thread/INFO]: Setting user: MomoCow
[23:06:44] [Client thread/INFO]: LWJGL Version: 2.9.4
[23:06:47] [Client thread/INFO]: Reloading ResourceManager: Default, FMLFileResourcePack:Forge Mod Loader, FMLFileResourcePack:Minecraft Forge, FMLFileResourcePack:Storage Bank, FMLFileResourcePack:Item Transform Helper, FMLFileResourcePack:Just Enough Items
[23:06:49] [Sound Library Loader/INFO]: Starting up SoundSystem...
[23:06:49] [Thread-8/INFO]: Initializing LWJGL OpenAL
[23:06:49] [Thread-8/INFO]: (The LWJGL binding of OpenAL.  For more information, see http://www.lwjgl.org)
[23:06:49] [Thread-8/INFO]: OpenAL initialized.
[23:06:50] [Sound Library Loader/INFO]: Sound engine started
[23:06:52] [Client thread/INFO]: Created: 16x16 textures-atlas
[23:06:54] [Client thread/INFO]: Reloading ResourceManager: Default, FMLFileResourcePack:Forge Mod Loader, FMLFileResourcePack:Minecraft Forge, FMLFileResourcePack:Storage Bank, FMLFileResourcePack:Item Transform Helper, FMLFileResourcePack:Just Enough Items
[23:06:56] [Client thread/INFO]: SoundSystem shutting down...
[23:06:56] [Client thread/WARN]: Author: Paul Lamb, www.paulscode.com
[23:06:56] [Sound Library Loader/INFO]: Starting up SoundSystem...
[23:06:56] [Thread-10/INFO]: Initializing LWJGL OpenAL
[23:06:56] [Thread-10/INFO]: (The LWJGL binding of OpenAL.  For more information, see http://www.lwjgl.org)
[23:06:56] [Thread-10/INFO]: OpenAL initialized.
[23:06:56] [Sound Library Loader/INFO]: Sound engine started
[23:06:58] [Client thread/INFO]: Created: 1024x512 textures-atlas
[23:07:01] [Realms Notification Availability checker #1/INFO]: Could not authorize you against Realms server: Invalid session id
[23:07:25] [Server thread/INFO]: Starting integrated minecraft server version 1.9.4
[23:07:25] [Server thread/INFO]: Generating keypair
[23:07:26] [Server thread/INFO]: Preparing start region for level 0
[23:07:26] [Server thread/INFO]: Changing view distance to 12, from 10
[23:07:27] [Server thread/INFO]: MomoCow[local:E:d8402d99] logged in with entity id 86 at (186.00184167641032, 4.0, 235.02213414793795)
[23:07:27] [Server thread/INFO]: MomoCow 加入了遊戲
[23:07:28] [Server thread/INFO]: Saving and pausing game...
[23:07:28] [Server thread/INFO]: Saving chunks for level 'Storage Bank testbed'/Overworld
[23:07:28] [Server thread/INFO]: Saving chunks for level 'Storage Bank testbed'/Nether
[23:07:28] [Server thread/INFO]: Saving chunks for level 'Storage Bank testbed'/The End
[23:07:29] [pool-2-thread-1/WARN]: Couldn't look up profile properties for com.mojang.authlib.GameProfile@29c27f7d[id=9101bd9f-ac6f-3fb2-b33d-a23e81dd6052,name=MomoCow,properties={},legacy=false]
com.mojang.authlib.exceptions.AuthenticationException: The client has sent too many requests within a certain amount of time
	at com.mojang.authlib.yggdrasil.YggdrasilAuthenticationService.makeRequest(YggdrasilAuthenticationService.java:65) ~[YggdrasilAuthenticationService.class:?]
	at com.mojang.authlib.yggdrasil.YggdrasilMinecraftSessionService.fillGameProfile(YggdrasilMinecraftSessionService.java:175) [YggdrasilMinecraftSessionService.class:?]
	at com.mojang.authlib.yggdrasil.YggdrasilMinecraftSessionService$1.load(YggdrasilMinecraftSessionService.java:59) [YggdrasilMinecraftSessionService$1.class:?]
	at com.mojang.authlib.yggdrasil.YggdrasilMinecraftSessionService$1.load(YggdrasilMinecraftSessionService.java:56) [YggdrasilMinecraftSessionService$1.class:?]
	at com.google.common.cache.LocalCache$LoadingValueReference.loadFuture(LocalCache.java:3524) [guava-17.0.jar:?]
	at com.google.common.cache.LocalCache$Segment.loadSync(LocalCache.java:2317) [guava-17.0.jar:?]
	at com.google.common.cache.LocalCache$Segment.lockedGetOrLoad(LocalCache.java:2280) [guava-17.0.jar:?]
	at com.google.common.cache.LocalCache$Segment.get(LocalCache.java:2195) [guava-17.0.jar:?]
	at com.google.common.cache.LocalCache.get(LocalCache.java:3934) [guava-17.0.jar:?]
	at com.google.common.cache.LocalCache.getOrLoad(LocalCache.java:3938) [guava-17.0.jar:?]
	at com.google.common.cache.LocalCache$LocalLoadingCache.get(LocalCache.java:4821) [guava-17.0.jar:?]
	at com.google.common.cache.LocalCache$LocalLoadingCache.getUnchecked(LocalCache.java:4827) [guava-17.0.jar:?]
	at com.mojang.authlib.yggdrasil.YggdrasilMinecraftSessionService.fillProfileProperties(YggdrasilMinecraftSessionService.java:165) [YggdrasilMinecraftSessionService.class:?]
	at net.minecraft.client.Minecraft.getProfileProperties(Minecraft.java:3043) [Minecraft.class:?]
	at net.minecraft.client.resources.SkinManager$3.run(SkinManager.java:131) [SkinManager$3.class:?]
	at java.util.concurrent.Executors$RunnableAdapter.call(Executors.java:511) [?:1.8.0_101]
	at java.util.concurrent.FutureTask.run(FutureTask.java:266) [?:1.8.0_101]
	at java.util.concurrent.ThreadPoolExecutor.runWorker(ThreadPoolExecutor.java:1142) [?:1.8.0_101]
	at java.util.concurrent.ThreadPoolExecutor$Worker.run(ThreadPoolExecutor.java:617) [?:1.8.0_101]
	at java.lang.Thread.run(Thread.java:745) [?:1.8.0_101]
[23:07:30] [Client thread/WARN]: Unable to play empty soundEvent: minecraft:entity.small_slime.jump
[23:07:30] [Server thread/INFO]: Saving and pausing game...
[23:07:30] [Server thread/INFO]: Saving chunks for level 'Storage Bank testbed'/Overworld
[23:07:30] [Server thread/INFO]: Saving chunks for level 'Storage Bank testbed'/Nether
[23:07:30] [Server thread/INFO]: Saving chunks for level 'Storage Bank testbed'/The End
[23:07:32] [Client thread/WARN]: Unable to play empty soundEvent: minecraft:entity.small_slime.squish
[23:07:59] [Client thread/INFO]: Stopping!
[23:07:59] [Client thread/INFO]: SoundSystem shutting down...
[23:07:59] [Server thread/INFO]: Stopping server
[23:07:59] [Server thread/INFO]: Saving players
[23:07:59] [Server thread/INFO]: Saving worlds
[23:07:59] [Server thread/INFO]: Saving chunks for level 'Storage Bank testbed'/Overworld
[23:07:59] [Server thread/INFO]: Saving chunks for level 'Storage Bank testbed'/Nether
[23:07:59] [Server thread/INFO]: Saving chunks for level 'Storage Bank testbed'/The End
[23:07:59] [Client thread/WARN]: Author: Paul Lamb, www.paulscode.com
[23:07:59] [Client Shutdown Thread/INFO]: Stopping server
[23:07:59] [Client Shutdown Thread/INFO]: Saving players
[23:07:59] [Client Shutdown Thread/INFO]: Saving worlds
